Traceback (most recent call last):
  File "prove.py", line 66, in <module>
    main()
  File "prove.py", line 57, in main
    inference_result, coq_scripts = prove_doc(doc)
  File "/home/pasmargo/Downloads/ccg2lambda/semantic_tools.py", line 109, in prove_doc
    dynamic_library_str = get_dynamic_library_from_doc(doc, formulas)
  File "/home/pasmargo/Downloads/ccg2lambda/semantic_types.py", line 148, in get_dynamic_library_from_doc
    coq_lib_augmented = build_dynamic_library(formulas, nltk_sig)
  File "/home/pasmargo/Downloads/ccg2lambda/semantic_types.py", line 188, in build_dynamic_library
    signatures = [resolve_types(e) for e in exprs_logic]
  File "/home/pasmargo/Downloads/ccg2lambda/semantic_types.py", line 188, in <listcomp>
    signatures = [resolve_types(e) for e in exprs_logic]
  File "/home/pasmargo/Downloads/ccg2lambda/semantic_types.py", line 123, in resolve_types
    lambda parts: combine_signatures(parts))
  File "/home/pasmargo/py3/lib/python3.5/site-packages/nltk/sem/logic.py", line 1704, in visit
    return combinator([function(self.first), function(self.second)])
  File "/home/pasmargo/Downloads/ccg2lambda/semantic_types.py", line 122, in <lambda>
    signature = expr.visit(lambda e: resolve_types(e, signature),
  File "/home/pasmargo/Downloads/ccg2lambda/semantic_types.py", line 123, in resolve_types
    lambda parts: combine_signatures(parts))
  File "/home/pasmargo/py3/lib/python3.5/site-packages/nltk/sem/logic.py", line 1704, in visit
    return combinator([function(self.first), function(self.second)])
  File "/home/pasmargo/Downloads/ccg2lambda/semantic_types.py", line 122, in <lambda>
    signature = expr.visit(lambda e: resolve_types(e, signature),
  File "/home/pasmargo/Downloads/ccg2lambda/semantic_types.py", line 123, in resolve_types
    lambda parts: combine_signatures(parts))
  File "/home/pasmargo/py3/lib/python3.5/site-packages/nltk/sem/logic.py", line 1547, in visit
    return combinator([function(self.term)])
  File "/home/pasmargo/Downloads/ccg2lambda/semantic_types.py", line 122, in <lambda>
    signature = expr.visit(lambda e: resolve_types(e, signature),
  File "/home/pasmargo/Downloads/ccg2lambda/semantic_types.py", line 123, in resolve_types
    lambda parts: combine_signatures(parts))
  File "/home/pasmargo/py3/lib/python3.5/site-packages/nltk/sem/logic.py", line 1704, in visit
    return combinator([function(self.first), function(self.second)])
  File "/home/pasmargo/Downloads/ccg2lambda/semantic_types.py", line 122, in <lambda>
    signature = expr.visit(lambda e: resolve_types(e, signature),
  File "/home/pasmargo/Downloads/ccg2lambda/semantic_types.py", line 123, in resolve_types
    lambda parts: combine_signatures(parts))
  File "/home/pasmargo/py3/lib/python3.5/site-packages/nltk/sem/logic.py", line 1547, in visit
    return combinator([function(self.term)])
  File "/home/pasmargo/Downloads/ccg2lambda/semantic_types.py", line 122, in <lambda>
    signature = expr.visit(lambda e: resolve_types(e, signature),
  File "/home/pasmargo/Downloads/ccg2lambda/semantic_types.py", line 123, in resolve_types
    lambda parts: combine_signatures(parts))
  File "/home/pasmargo/py3/lib/python3.5/site-packages/nltk/sem/logic.py", line 1704, in visit
    return combinator([function(self.first), function(self.second)])
  File "/home/pasmargo/Downloads/ccg2lambda/semantic_types.py", line 122, in <lambda>
    signature = expr.visit(lambda e: resolve_types(e, signature),
  File "/home/pasmargo/Downloads/ccg2lambda/semantic_types.py", line 123, in resolve_types
    lambda parts: combine_signatures(parts))
  File "/home/pasmargo/py3/lib/python3.5/site-packages/nltk/sem/logic.py", line 1704, in visit
    return combinator([function(self.first), function(self.second)])
  File "/home/pasmargo/Downloads/ccg2lambda/semantic_types.py", line 122, in <lambda>
    signature = expr.visit(lambda e: resolve_types(e, signature),
  File "/home/pasmargo/Downloads/ccg2lambda/semantic_types.py", line 123, in resolve_types
    lambda parts: combine_signatures(parts))
  File "/home/pasmargo/py3/lib/python3.5/site-packages/nltk/sem/logic.py", line 1704, in visit
    return combinator([function(self.first), function(self.second)])
  File "/home/pasmargo/Downloads/ccg2lambda/semantic_types.py", line 122, in <lambda>
    signature = expr.visit(lambda e: resolve_types(e, signature),
  File "/home/pasmargo/Downloads/ccg2lambda/semantic_types.py", line 125, in resolve_types
    signature = remove_colliding_predicates(signature, expr)
  File "/home/pasmargo/Downloads/ccg2lambda/semantic_types.py", line 91, in remove_colliding_predicates
    expr.typecheck(signature)
  File "/home/pasmargo/py3/lib/python3.5/site-packages/nltk/sem/logic.py", line 981, in typecheck
    self._set_type(signature=sig)
  File "/home/pasmargo/py3/lib/python3.5/site-packages/nltk/sem/logic.py", line 1736, in _set_type
    self.first._set_type(TRUTH_TYPE, signature)
  File "/home/pasmargo/py3/lib/python3.5/site-packages/nltk/sem/logic.py", line 1587, in _set_type
    self.term._set_type(other_type.second, signature)
AttributeError: 'TruthValueType' object has no attribute 'second'
