# this file was generated by the following command(s):
#   /home/pasmargo/software/candc-1.00/bin/candc --models /home/pasmargo/software/candc-1.00/models --candc-printer xml --input fracas.xml_plain/fracas_137_nominal_anaphora.tok

1 parsed at B=0.075, K=20
1 coverage 100%
1 stats 3.2581 78 103
2 parsed at B=0.075, K=20
2 coverage 100%
2 stats 5.49717 196 239
3 parsed at B=0.075, K=20
3 coverage 100%
3 stats 6.56244 291 382
4 parsed at B=0.075, K=20
4 coverage 100%
4 stats 3.73767 247 284
5 parsed at B=0.075, K=20
5 coverage 100%
5 stats 4.12713 151 167
6 parsed at B=0.075, K=20
6 coverage 100%
6 stats 5.71703 397 451
