# this file was generated by the following command(s):
#   /home/pasmargo/software/candc-1.00/bin/candc --models /home/pasmargo/software/candc-1.00/models --candc-printer xml --input fracas.xml_plain/fracas_018_generalized_quantifiers.tok

1 attempt nospan at B=0.075, K=20
1 attempt nospan at B=0.03, K=20
1 attempt nospan at B=0.01, K=20
1 attempt nospan at B=0.005, K=20
1 attempt nospan at B=0.001, K=150
1 failed no span at B=0.001, K=150
2 attempt nospan at B=0.075, K=20
2 attempt nospan at B=0.03, K=20
2 attempt nospan at B=0.01, K=20
2 attempt nospan at B=0.005, K=20
2 attempt nospan at B=0.001, K=150
2 failed no span at B=0.001, K=150
3 parsed at B=0.075, K=20
3 coverage 33.3333%
3 stats 10.2365 1000 1569
4 parsed at B=0.075, K=20
4 coverage 50%
4 stats 2.83321 97 127
