# this file was generated by the following command(s):
#   /home/pasmargo/software/candc-1.00/bin/candc --models /home/pasmargo/software/candc-1.00/models --candc-printer xml --input fracas.xml_plain/fracas_034_generalized_quantifiers.tok

1 parsed at B=0.075, K=20
1 coverage 100%
1 stats 2.83321 97 127
2 attempt nospan at B=0.075, K=20
2 attempt nospan at B=0.03, K=20
2 attempt nospan at B=0.01, K=20
2 attempt nospan at B=0.005, K=20
2 attempt nospan at B=0.001, K=150
2 failed no span at B=0.001, K=150
3 parsed at B=0.075, K=20
3 coverage 66.6667%
3 stats 10.2365 1000 1569
4 attempt nospan at B=0.075, K=20
4 attempt nospan at B=0.03, K=20
4 attempt nospan at B=0.01, K=20
4 attempt nospan at B=0.005, K=20
4 attempt nospan at B=0.001, K=150
4 failed no span at B=0.001, K=150
